Flutter crash report.
Please report a bug at https://github.com/flutter/flutter/issues.

## command

flutter run

## exception

StateError: Bad state: No element

```
#0      Stream.first.<anonymous closure> (dart:async/stream.dart:1575:9)
#1      _rootRun (dart:async/zone.dart:1391:47)
#2      _CustomZone.run (dart:async/zone.dart:1301:19)
#3      _CustomZone.runGuarded (dart:async/zone.dart:1209:7)
#4      _BufferingStreamSubscription._sendDone.sendDone (dart:async/stream_impl.dart:392:13)
#5      _BufferingStreamSubscription._sendDone (dart:async/stream_impl.dart:402:7)
#6      _BufferingStreamSubscription._close (dart:async/stream_impl.dart:291:7)
#7      _SyncBroadcastStreamController._sendDone.<anonymous closure> (dart:async/broadcast_stream_controller.dart:399:22)
#8      _BroadcastStreamController._forEachListener (dart:async/broadcast_stream_controller.dart:322:15)
#9      _SyncBroadcastStreamController._sendDone (dart:async/broadcast_stream_controller.dart:398:7)
#10     _BroadcastStreamController.close (dart:async/broadcast_stream_controller.dart:268:5)
#11     _AsBroadcastStreamController.close (dart:async/broadcast_stream_controller.dart:505:27)
#12     _rootRun (dart:async/zone.dart:1391:47)
#13     _CustomZone.run (dart:async/zone.dart:1301:19)
#14     _CustomZone.runGuarded (dart:async/zone.dart:1209:7)
#15     _BufferingStreamSubscription._sendDone.sendDone (dart:async/stream_impl.dart:392:13)
#16     _BufferingStreamSubscription._sendDone (dart:async/stream_impl.dart:402:7)
#17     _BufferingStreamSubscription._close (dart:async/stream_impl.dart:291:7)
#18     _SinkTransformerStreamSubscription._close (dart:async/stream_transformers.dart:87:11)
#19     _EventSinkWrapper.close (dart:async/stream_transformers.dart:21:11)
#20     _StringAdapterSink.close (dart:convert/string_conversion.dart:241:11)
#21     _Utf8ConversionSink.close (dart:convert/string_conversion.dart:295:20)
#22     _ErrorHandlingAsciiDecoderSink.close (dart:convert/ascii.dart:261:15)
#23     _ConverterStreamEventSink.close (dart:convert/chunked_conversion.dart:78:18)
#24     _SinkTransformerStreamSubscription._handleDone (dart:async/stream_transformers.dart:132:24)
#25     _rootRun (dart:async/zone.dart:1391:47)
#26     _CustomZone.run (dart:async/zone.dart:1301:19)
#27     _CustomZone.runGuarded (dart:async/zone.dart:1209:7)
#28     _BufferingStreamSubscription._sendDone.sendDone (dart:async/stream_impl.dart:392:13)
#29     _BufferingStreamSubscription._sendDone (dart:async/stream_impl.dart:402:7)
#30     _BufferingStreamSubscription._close (dart:async/stream_impl.dart:291:7)
#31     _SyncStreamControllerDispatch._sendDone (dart:async/stream_controller.dart:784:19)
#32     _StreamController._closeUnchecked (dart:async/stream_controller.dart:639:7)
#33     _StreamController.close (dart:async/stream_controller.dart:632:5)
#34     _Socket._onData (dart:io-patch/socket_patch.dart:2375:21)
#35     _rootRunUnary (dart:async/zone.dart:1415:13)
#36     _CustomZone.runUnary (dart:async/zone.dart:1308:19)
#37     _CustomZone.runUnaryGuarded (dart:async/zone.dart:1217:7)
#38     _BufferingStreamSubscription._sendData (dart:async/stream_impl.dart:339:11)
#39     _BufferingStreamSubscription._add (dart:async/stream_impl.dart:271:7)
#40     _SyncStreamControllerDispatch._sendData (dart:async/stream_controller.dart:776:19)
#41     _StreamController._add (dart:async/stream_controller.dart:650:7)
#42     _StreamController.add (dart:async/stream_controller.dart:598:5)
#43     new _RawSocket.<anonymous closure> (dart:io-patch/socket_patch.dart:1893:35)
#44     _NativeSocket.issueReadEvent.issue (dart:io-patch/socket_patch.dart:1336:18)
#45     _microtaskLoop (dart:async/schedule_microtask.dart:40:21)
#46     _startMicrotaskLoop (dart:async/schedule_microtask.dart:49:5)
#47     _runPendingImmediateCallback (dart:isolate-patch/isolate_patch.dart:123:13)
#48     _RawReceivePort._handleMessage (dart:isolate-patch/isolate_patch.dart:190:5)
```

## flutter doctor

```
[✓] Flutter (Channel beta, 3.10.0-1.1.pre, on Microsoft Windows [Version 10.0.22621.1413], locale
    en-IN)
    • Flutter version 3.10.0-1.1.pre on channel beta at
      C:\Users\prave\Downloads\flutter_windows_3.7.7-stable\flutter
    • Upstream repository https://github.com/flutter/flutter.git
    • Framework revision ecdb7841df (2 days ago), 2023-04-11 20:47:40 -0700
    • Engine revision 870e640e7e
    • Dart version 3.0.0 (build 3.0.0-417.1.beta)
    • DevTools version 2.23.1

[✓] Windows Version (Installed version of Windows is version 10 or higher)

[✓] Android toolchain - develop for Android devices (Android SDK version 33.0.2)
    • Android SDK at C:\Users\prave\AppData\Local\Android\sdk
    • Platform android-33-ext4, build-tools 33.0.2
    • Java binary at: C:\Program Files\Android\Android Studio\jbr\bin\java
    • Java version OpenJDK Runtime Environment (build 11.0.15+0-b2043.56-9505619)
    • All Android licenses accepted.

[✓] Chrome - develop for the web
    • Chrome at C:\Program Files\Google\Chrome\Application\chrome.exe

[✓] Visual Studio - develop for Windows (Visual Studio Community 2022 17.5.3)
    • Visual Studio at C:\Program Files\Microsoft Visual Studio\2022\Community
    • Visual Studio Community 2022 version 17.5.33516.290
    • Windows 10 SDK version 10.0.22000.0

[✓] Android Studio (version 2022.1)
    • Android Studio at C:\Program Files\Android\Android Studio
    • Flutter plugin can be installed from:
      🔨 https://plugins.jetbrains.com/plugin/9212-flutter
    • Dart plugin can be installed from:
      🔨 https://plugins.jetbrains.com/plugin/6351-dart
    • Java version OpenJDK Runtime Environment (build 11.0.15+0-b2043.56-9505619)

[✓] VS Code (version 1.76.1)
    • VS Code at C:\Users\prave\AppData\Local\Programs\Microsoft VS Code
    • Flutter extension can be installed from:
      🔨 https://marketplace.visualstudio.com/items?itemName=Dart-Code.flutter

[✓] Connected device (3 available)
    • Windows (desktop) • windows • windows-x64    • Microsoft Windows [Version 10.0.22621.1413]
    • Chrome (web)      • chrome  • web-javascript • Google Chrome 112.0.5615.49
    • Edge (web)        • edge    • web-javascript • Microsoft Edge 112.0.1722.39

[✓] Network resources
    • All expected network resources are available.

• No issues found!
```
